{"/Applications/MAMP/htdocs/_javascript/Udemy-9-NINJA/aula-challenge-33/src/sum.js":{"path":"/Applications/MAMP/htdocs/_javascript/Udemy-9-NINJA/aula-challenge-33/src/sum.js","s":{"1":1,"2":0,"3":0,"4":0,"5":0,"6":0,"7":1,"8":0,"9":1,"10":0,"11":1},"b":{"1":[0,0],"2":[0,0],"3":[0,0],"4":[0,0]},"f":{"1":0,"2":0,"3":0},"fnMap":{"1":{"name":"sum","line":3,"loc":{"start":{"line":3,"column":0},"end":{"line":3,"column":25}}},"2":{"name":"isEmpty","line":27,"loc":{"start":{"line":27,"column":0},"end":{"line":27,"column":22}}},"3":{"name":"isNumber","line":31,"loc":{"start":{"line":31,"column":0},"end":{"line":31,"column":23}}}},"statementMap":{"1":{"start":{"line":3,"column":0},"end":{"line":25,"column":1}},"2":{"start":{"line":4,"column":4},"end":{"line":6,"column":5}},"3":{"start":{"line":5,"column":8},"end":{"line":5,"column":61}},"4":{"start":{"line":8,"column":4},"end":{"line":10,"column":5}},"5":{"start":{"line":9,"column":8},"end":{"line":9,"column":60}},"6":{"start":{"line":24,"column":4},"end":{"line":24,"column":23}},"7":{"start":{"line":27,"column":0},"end":{"line":29,"column":1}},"8":{"start":{"line":28,"column":4},"end":{"line":28,"column":16}},"9":{"start":{"line":31,"column":0},"end":{"line":33,"column":1}},"10":{"start":{"line":32,"column":4},"end":{"line":32,"column":69}},"11":{"start":{"line":35,"column":0},"end":{"line":35,"column":21}}},"branchMap":{"1":{"line":4,"type":"if","locations":[{"start":{"line":4,"column":4},"end":{"line":4,"column":4}},{"start":{"line":4,"column":4},"end":{"line":4,"column":4}}]},"2":{"line":4,"type":"binary-expr","locations":[{"start":{"line":4,"column":7},"end":{"line":4,"column":20}},{"start":{"line":4,"column":24},"end":{"line":4,"column":37}}]},"3":{"line":8,"type":"if","locations":[{"start":{"line":8,"column":4},"end":{"line":8,"column":4}},{"start":{"line":8,"column":4},"end":{"line":8,"column":4}}]},"4":{"line":8,"type":"binary-expr","locations":[{"start":{"line":8,"column":8},"end":{"line":8,"column":35}},{"start":{"line":8,"column":39},"end":{"line":8,"column":54}}]}}}}