{"/Applications/MAMP/htdocs/_javascript/Udemy-9-NINJA/aula-challenge-33/test/sum.test.js":{"path":"/Applications/MAMP/htdocs/_javascript/Udemy-9-NINJA/aula-challenge-33/test/sum.test.js","s":{"1":1,"2":1,"3":1,"4":0,"5":0,"6":0,"7":0,"8":0,"9":0,"10":0,"11":0,"12":0,"13":0},"b":{},"f":{"1":0,"2":0,"3":0,"4":0,"5":0,"6":0},"fnMap":{"1":{"name":"(anonymous_1)","line":6,"loc":{"start":{"line":6,"column":18},"end":{"line":6,"column":28}}},"2":{"name":"(anonymous_2)","line":8,"loc":{"start":{"line":8,"column":41},"end":{"line":8,"column":51}}},"3":{"name":"(anonymous_3)","line":12,"loc":{"start":{"line":12,"column":51},"end":{"line":12,"column":61}}},"4":{"name":"(anonymous_4)","line":16,"loc":{"start":{"line":16,"column":50},"end":{"line":16,"column":60}}},"5":{"name":"(anonymous_5)","line":20,"loc":{"start":{"line":20,"column":68},"end":{"line":20,"column":79}}},"6":{"name":"(anonymous_6)","line":25,"loc":{"start":{"line":25,"column":66},"end":{"line":25,"column":77}}}},"statementMap":{"1":{"start":{"line":3,"column":0},"end":{"line":3,"column":36}},"2":{"start":{"line":4,"column":0},"end":{"line":4,"column":32}},"3":{"start":{"line":6,"column":0},"end":{"line":29,"column":3}},"4":{"start":{"line":8,"column":4},"end":{"line":10,"column":7}},"5":{"start":{"line":9,"column":8},"end":{"line":9,"column":40}},"6":{"start":{"line":12,"column":4},"end":{"line":14,"column":7}},"7":{"start":{"line":13,"column":7},"end":{"line":13,"column":41}},"8":{"start":{"line":16,"column":4},"end":{"line":18,"column":7}},"9":{"start":{"line":17,"column":8},"end":{"line":17,"column":41}},"10":{"start":{"line":20,"column":4},"end":{"line":23,"column":7}},"11":{"start":{"line":22,"column":8},"end":{"line":22,"column":41}},"12":{"start":{"line":25,"column":4},"end":{"line":27,"column":7}},"13":{"start":{"line":26,"column":8},"end":{"line":26,"column":48}}},"branchMap":{}}}